# JRE version: Java(TM) SE Runtime Environment (8.0_311-b11) (build 1.8.0_311-b11)
# Java VM: Java HotSpot(TM) 64-Bit Server VM (25.311-b11 mixed mode windows-amd64 compressed oops)
Heap:
 PSYoungGen      total 309760K, used 182883K [0x00000006c0b00000, 0x00000006dae00000, 0x00000007c0000000)
  eden space 277504K, 65% used [0x00000006c0b00000,0x00000006cbd98ec0,0x00000006d1a00000)
  from space 32256K, 0% used [0x00000006d1a00000,0x00000006d1a00000,0x00000006d3980000)
  to   space 17408K, 0% used [0x00000006d9d00000,0x00000006d9d00000,0x00000006dae00000)
 ParOldGen       total 312320K, used 21552K [0x00000004c2000000, 0x00000004d5100000, 0x00000006c0b00000)
  object space 312320K, 6% used [0x00000004c2000000,0x00000004c350c010,0x00000004d5100000)
 Metaspace       used 39828K, capacity 41582K, committed 41856K, reserved 1087488K
  class space    used 5348K, capacity 5709K, committed 5760K, reserved 1048576K
GC Heap History (10 events):
Event: 3.742 GC heap before
{Heap before GC invocations=3 (full 1):
 PSYoungGen      total 228864K, used 10714K [0x00000006c0b00000, 0x00000006d0a00000, 0x00000007c0000000)
  eden space 196608K, 0% used [0x00000006c0b00000,0x00000006c0b00000,0x00000006ccb00000)
  from space 32256K, 33% used [0x00000006cea80000,0x00000006cf4f69e8,0x00000006d0a00000)
  to   space 32256K, 0% used [0x00000006ccb00000,0x00000006ccb00000,0x00000006cea80000)
 ParOldGen       total 523264K, used 88K [0x00000004c2000000, 0x00000004e1f00000, 0x00000006c0b00000)
  object space 523264K, 0% used [0x00000004c2000000,0x00000004c2016010,0x00000004e1f00000)
 Metaspace       used 20572K, capacity 21242K, committed 21296K, reserved 1067008K
  class space    used 2715K, capacity 2902K, committed 2944K, reserved 1048576K
Event: 3.778 GC heap after
Heap after GC invocations=3 (full 1):
 PSYoungGen      total 228864K, used 0K [0x00000006c0b00000, 0x00000006d0a00000, 0x00000007c0000000)
  eden space 196608K, 0% used [0x00000006c0b00000,0x00000006c0b00000,0x00000006ccb00000)
  from space 32256K, 0% used [0x00000006cea80000,0x00000006cea80000,0x00000006d0a00000)
  to   space 32256K, 0% used [0x00000006ccb00000,0x00000006ccb00000,0x00000006cea80000)
 ParOldGen       total 312320K, used 10157K [0x00000004c2000000, 0x00000004d5100000, 0x00000006c0b00000)
  object space 312320K, 3% used [0x00000004c2000000,0x00000004c29eb680,0x00000004d5100000)
 Metaspace       used 20571K, capacity 21236K, committed 21296K, reserved 1067008K
  class space    used 2714K, capacity 2901K, committed 2944K, reserved 1048576K
}
Event: 6.301 GC heap before
{Heap before GC invocations=4 (full 1):
 PSYoungGen      total 228864K, used 196608K [0x00000006c0b00000, 0x00000006d0a00000, 0x00000007c0000000)
  eden space 196608K, 100% used [0x00000006c0b00000,0x00000006ccb00000,0x00000006ccb00000)
  from space 32256K, 0% used [0x00000006cea80000,0x00000006cea80000,0x00000006d0a00000)
  to   space 32256K, 0% used [0x00000006ccb00000,0x00000006ccb00000,0x00000006cea80000)
 ParOldGen       total 312320K, used 10157K [0x00000004c2000000, 0x00000004d5100000, 0x00000006c0b00000)
  object space 312320K, 3% used [0x00000004c2000000,0x00000004c29eb680,0x00000004d5100000)
 Metaspace       used 27521K, capacity 28590K, committed 28800K, reserved 1075200K
  class space    used 3668K, capacity 3891K, committed 3968K, reserved 1048576K
Event: 6.311 GC heap after
Heap after GC invocations=4 (full 1):
 PSYoungGen      total 228864K, used 11212K [0x00000006c0b00000, 0x00000006d5a80000, 0x00000007c0000000)
  eden space 196608K, 0% used [0x00000006c0b00000,0x00000006c0b00000,0x00000006ccb00000)
  from space 32256K, 34% used [0x00000006ccb00000,0x00000006cd5f3070,0x00000006cea80000)
  to   space 32256K, 0% used [0x00000006d3b00000,0x00000006d3b00000,0x00000006d5a80000)
 ParOldGen       total 312320K, used 10165K [0x00000004c2000000, 0x00000004d5100000, 0x00000006c0b00000)
  object space 312320K, 3% used [0x00000004c2000000,0x00000004c29ed680,0x00000004d5100000)
 Metaspace       used 27521K, capacity 28590K, committed 28800K, reserved 1075200K
  class space    used 3668K, capacity 3891K, committed 3968K, reserved 1048576K
}
Event: 7.450 GC heap before
{Heap before GC invocations=5 (full 1):
 PSYoungGen      total 228864K, used 207820K [0x00000006c0b00000, 0x00000006d5a80000, 0x00000007c0000000)
  eden space 196608K, 100% used [0x00000006c0b00000,0x00000006ccb00000,0x00000006ccb00000)
  from space 32256K, 34% used [0x00000006ccb00000,0x00000006cd5f3070,0x00000006cea80000)
  to   space 32256K, 0% used [0x00000006d3b00000,0x00000006d3b00000,0x00000006d5a80000)
 ParOldGen       total 312320K, used 10165K [0x00000004c2000000, 0x00000004d5100000, 0x00000006c0b00000)
  object space 312320K, 3% used [0x00000004c2000000,0x00000004c29ed680,0x00000004d5100000)
 Metaspace       used 30176K, capacity 31404K, committed 31488K, reserved 1077248K
  class space    used 4054K, capacity 4322K, committed 4352K, reserved 1048576K
Event: 7.456 GC heap after
Heap after GC invocations=5 (full 1):
 PSYoungGen      total 308224K, used 13193K [0x00000006c0b00000, 0x00000006d5900000, 0x00000007c0000000)
  eden space 277504K, 0% used [0x00000006c0b00000,0x00000006c0b00000,0x00000006d1a00000)
  from space 30720K, 42% used [0x00000006d3b00000,0x00000006d47e2438,0x00000006d5900000)
  to   space 32256K, 0% used [0x00000006d1a00000,0x00000006d1a00000,0x00000006d3980000)
 ParOldGen       total 312320K, used 10173K [0x00000004c2000000, 0x00000004d5100000, 0x00000006c0b00000)
  object space 312320K, 3% used [0x00000004c2000000,0x00000004c29ef680,0x00000004d5100000)
 Metaspace       used 30176K, capacity 31404K, committed 31488K, reserved 1077248K
  class space    used 4054K, capacity 4322K, committed 4352K, reserved 1048576K
}
Event: 8.430 GC heap before
{Heap before GC invocations=6 (full 1):
 PSYoungGen      total 308224K, used 160721K [0x00000006c0b00000, 0x00000006d5900000, 0x00000007c0000000)
  eden space 277504K, 53% used [0x00000006c0b00000,0x00000006c9b12090,0x00000006d1a00000)
  from space 30720K, 42% used [0x00000006d3b00000,0x00000006d47e2438,0x00000006d5900000)
  to   space 32256K, 0% used [0x00000006d1a00000,0x00000006d1a00000,0x00000006d3980000)
 ParOldGen       total 312320K, used 10173K [0x00000004c2000000, 0x00000004d5100000, 0x00000006c0b00000)
  object space 312320K, 3% used [0x00000004c2000000,0x00000004c29ef680,0x00000004d5100000)
 Metaspace       used 34133K, capacity 35330K, committed 35456K, reserved 1079296K
  class space    used 4615K, capacity 4903K, committed 4992K, reserved 1048576K
Event: 8.438 GC heap after
Heap after GC invocations=6 (full 1):
 PSYoungGen      total 309760K, used 15868K [0x00000006c0b00000, 0x00000006dae00000, 0x00000007c0000000)
  eden space 277504K, 0% used [0x00000006c0b00000,0x00000006c0b00000,0x00000006d1a00000)
  from space 32256K, 49% used [0x00000006d1a00000,0x00000006d297f1d0,0x00000006d3980000)
  to   space 17408K, 0% used [0x00000006d9d00000,0x00000006d9d00000,0x00000006dae00000)
 ParOldGen       total 312320K, used 10181K [0x00000004c2000000, 0x00000004d5100000, 0x00000006c0b00000)
  object space 312320K, 3% used [0x00000004c2000000,0x00000004c29f1680,0x00000004d5100000)
 Metaspace       used 34133K, capacity 35330K, committed 35456K, reserved 1079296K
  class space    used 4615K, capacity 4903K, committed 4992K, reserved 1048576K
}
Event: 8.438 GC heap before
{Heap before GC invocations=7 (full 2):
 PSYoungGen      total 309760K, used 15868K [0x00000006c0b00000, 0x00000006dae00000, 0x00000007c0000000)
  eden space 277504K, 0% used [0x00000006c0b00000,0x00000006c0b00000,0x00000006d1a00000)
  from space 32256K, 49% used [0x00000006d1a00000,0x00000006d297f1d0,0x00000006d3980000)
  to   space 17408K, 0% used [0x00000006d9d00000,0x00000006d9d00000,0x00000006dae00000)
 ParOldGen       total 312320K, used 10181K [0x00000004c2000000, 0x00000004d5100000, 0x00000006c0b00000)
  object space 312320K, 3% used [0x00000004c2000000,0x00000004c29f1680,0x00000004d5100000)
 Metaspace       used 34133K, capacity 35330K, committed 35456K, reserved 1079296K
  class space    used 4615K, capacity 4903K, committed 4992K, reserved 1048576K
Event: 8.489 GC heap after
Heap after GC invocations=7 (full 2):
 PSYoungGen      total 309760K, used 0K [0x00000006c0b00000, 0x00000006dae00000, 0x00000007c0000000)
  eden space 277504K, 0% used [0x00000006c0b00000,0x00000006c0b00000,0x00000006d1a00000)
  from space 32256K, 0% used [0x00000006d1a00000,0x00000006d1a00000,0x00000006d3980000)
  to   space 17408K, 0% used [0x00000006d9d00000,0x00000006d9d00000,0x00000006dae00000)
 ParOldGen       total 312320K, used 21552K [0x00000004c2000000, 0x00000004d5100000, 0x00000006c0b00000)
  object space 312320K, 6% used [0x00000004c2000000,0x00000004c350c010,0x00000004d5100000)
 Metaspace       used 34133K, capacity 35330K, committed 35456K, reserved 1079296K
  class space    used 4615K, capacity 4903K, committed 4992K, reserved 1048576K
}

